Determining if the pthread_create exist failed with the following output:
Change Dir: /home/neet/ROS/ARC/src/ARC/vision/cam2obj/build/CMakeFiles/CMakeTmp

Run Build Command:"/usr/bin/make" "cmTC_ae55a/fast"
/usr/bin/make -f CMakeFiles/cmTC_ae55a.dir/build.make CMakeFiles/cmTC_ae55a.dir/build
make[1]: Entering directory '/home/neet/ROS/ARC/src/ARC/vision/cam2obj/build/CMakeFiles/CMakeTmp'
Building C object CMakeFiles/cmTC_ae55a.dir/CheckSymbolExists.c.o
/usr/bin/cc     -o CMakeFiles/cmTC_ae55a.dir/CheckSymbolExists.c.o   -c /home/neet/ROS/ARC/src/ARC/vision/cam2obj/build/CMakeFiles/CMakeTmp/CheckSymbolExists.c
Linking C executable cmTC_ae55a
/usr/bin/cmake -E cmake_link_script CMakeFiles/cmTC_ae55a.dir/link.txt --verbose=1
/usr/bin/cc       CMakeFiles/cmTC_ae55a.dir/CheckSymbolExists.c.o  -o cmTC_ae55a -rdynamic 
CMakeFiles/cmTC_ae55a.dir/CheckSymbolExists.c.o: In function `main':
CheckSymbolExists.c:(.text+0x16): undefined reference to `pthread_create'
collect2: error: ld returned 1 exit status
CMakeFiles/cmTC_ae55a.dir/build.make:97: recipe for target 'cmTC_ae55a' failed
make[1]: *** [cmTC_ae55a] Error 1
make[1]: Leaving directory '/home/neet/ROS/ARC/src/ARC/vision/cam2obj/build/CMakeFiles/CMakeTmp'
Makefile:126: recipe for target 'cmTC_ae55a/fast' failed
make: *** [cmTC_ae55a/fast] Error 2

File /home/neet/ROS/ARC/src/ARC/vision/cam2obj/build/CMakeFiles/CMakeTmp/CheckSymbolExists.c:
/* */
#include <pthread.h>

int main(int argc, char** argv)
{
  (void)argv;
#ifndef pthread_create
  return ((int*)(&pthread_create))[argc];
#else
  (void)argc;
  return 0;
#endif
}

Determining if the function pthread_create exists in the pthreads failed with the following output:
Change Dir: /home/neet/ROS/ARC/src/ARC/vision/cam2obj/build/CMakeFiles/CMakeTmp

Run Build Command:"/usr/bin/make" "cmTC_95e1f/fast"
/usr/bin/make -f CMakeFiles/cmTC_95e1f.dir/build.make CMakeFiles/cmTC_95e1f.dir/build
make[1]: Entering directory '/home/neet/ROS/ARC/src/ARC/vision/cam2obj/build/CMakeFiles/CMakeTmp'
Building C object CMakeFiles/cmTC_95e1f.dir/CheckFunctionExists.c.o
/usr/bin/cc    -DCHECK_FUNCTION_EXISTS=pthread_create   -o CMakeFiles/cmTC_95e1f.dir/CheckFunctionExists.c.o   -c /usr/share/cmake-3.5/Modules/CheckFunctionExists.c
Linking C executable cmTC_95e1f
/usr/bin/cmake -E cmake_link_script CMakeFiles/cmTC_95e1f.dir/link.txt --verbose=1
/usr/bin/cc   -DCHECK_FUNCTION_EXISTS=pthread_create    CMakeFiles/cmTC_95e1f.dir/CheckFunctionExists.c.o  -o cmTC_95e1f -rdynamic -lpthreads 
/usr/bin/ld: cannot find -lpthreads
collect2: error: ld returned 1 exit status
CMakeFiles/cmTC_95e1f.dir/build.make:97: recipe for target 'cmTC_95e1f' failed
make[1]: *** [cmTC_95e1f] Error 1
make[1]: Leaving directory '/home/neet/ROS/ARC/src/ARC/vision/cam2obj/build/CMakeFiles/CMakeTmp'
Makefile:126: recipe for target 'cmTC_95e1f/fast' failed
make: *** [cmTC_95e1f/fast] Error 2


