0 info it worked if it ends with ok
1 verbose cli [ '/home/iclab/.nvm/v6.10.1/bin/node',
1 verbose cli   '/home/iclab/.nvm/v6.10.1/bin/npm',
1 verbose cli   'start' ]
2 info using npm@3.10.10
3 info using node@v6.10.1
4 verbose run-script [ 'prestart', 'start', 'poststart' ]
5 info lifecycle node@0.1.0~prestart: node@0.1.0
6 silly lifecycle node@0.1.0~prestart: no script for prestart, continuing
7 info lifecycle node@0.1.0~start: node@0.1.0
8 verbose lifecycle node@0.1.0~start: unsafe-perm in lifecycle true
9 verbose lifecycle node@0.1.0~start: PATH: /home/iclab/.nvm/v6.10.1/lib/node_modules/npm/bin/node-gyp-bin:/home/iclab/arc_ws/src/label_server/node/node_modules/.bin:/home/iclab/.nvm/v6.10.1/bin:/opt/ros/kinetic/bin:/usr/local/sbin:/usr/local/bin:/usr/sbin:/usr/bin:/sbin:/bin:/usr/games:/usr/local/games:/snap/bin
10 verbose lifecycle node@0.1.0~start: CWD: /home/iclab/arc_ws/src/label_server/node
11 silly lifecycle node@0.1.0~start: Args: [ '-c', 'node pic.js' ]
12 silly lifecycle node@0.1.0~start: Returned: code: 1  signal: null
13 info lifecycle node@0.1.0~start: Failed to exec start script
14 verbose stack Error: node@0.1.0 start: `node pic.js`
14 verbose stack Exit status 1
14 verbose stack     at EventEmitter.<anonymous> (/home/iclab/.nvm/v6.10.1/lib/node_modules/npm/lib/utils/lifecycle.js:255:16)
14 verbose stack     at emitTwo (events.js:106:13)
14 verbose stack     at EventEmitter.emit (events.js:191:7)
14 verbose stack     at ChildProcess.<anonymous> (/home/iclab/.nvm/v6.10.1/lib/node_modules/npm/lib/utils/spawn.js:40:14)
14 verbose stack     at emitTwo (events.js:106:13)
14 verbose stack     at ChildProcess.emit (events.js:191:7)
14 verbose stack     at maybeClose (internal/child_process.js:886:16)
14 verbose stack     at Process.ChildProcess._handle.onexit (internal/child_process.js:226:5)
15 verbose pkgid node@0.1.0
16 verbose cwd /home/iclab/arc_ws/src/label_server/node
17 error Linux 4.4.0-79-generic
18 error argv "/home/iclab/.nvm/v6.10.1/bin/node" "/home/iclab/.nvm/v6.10.1/bin/npm" "start"
19 error node v6.10.1
20 error npm  v3.10.10
21 error code ELIFECYCLE
22 error node@0.1.0 start: `node pic.js`
22 error Exit status 1
23 error Failed at the node@0.1.0 start script 'node pic.js'.
23 error Make sure you have the latest version of node.js and npm installed.
23 error If you do, this is most likely a problem with the node package,
23 error not with npm itself.
23 error Tell the author that this fails on your system:
23 error     node pic.js
23 error You can get information on how to open an issue for this project with:
23 error     npm bugs node
23 error Or if that isn't available, you can get their info via:
23 error     npm owner ls node
23 error There is likely additional logging output above.
24 verbose exit [ 1, true ]
