Determining if the pthread_create exist failed with the following output:
Change Dir: /home/iclab/arc_ws/src/CMakeFiles/CMakeTmp

Run Build Command:"/usr/bin/make" "cmTC_18d89/fast"
/usr/bin/make -f CMakeFiles/cmTC_18d89.dir/build.make CMakeFiles/cmTC_18d89.dir/build
make[1]: Entering directory '/home/iclab/arc_ws/src/CMakeFiles/CMakeTmp'
Building C object CMakeFiles/cmTC_18d89.dir/CheckSymbolExists.c.o
/usr/bin/cc     -o CMakeFiles/cmTC_18d89.dir/CheckSymbolExists.c.o   -c /home/iclab/arc_ws/src/CMakeFiles/CMakeTmp/CheckSymbolExists.c
Linking C executable cmTC_18d89
/usr/bin/cmake -E cmake_link_script CMakeFiles/cmTC_18d89.dir/link.txt --verbose=1
/usr/bin/cc       CMakeFiles/cmTC_18d89.dir/CheckSymbolExists.c.o  -o cmTC_18d89 -rdynamic 
CMakeFiles/cmTC_18d89.dir/CheckSymbolExists.c.o: In function `main':
CheckSymbolExists.c:(.text+0x16): undefined reference to `pthread_create'
collect2: error: ld returned 1 exit status
CMakeFiles/cmTC_18d89.dir/build.make:97: recipe for target 'cmTC_18d89' failed
make[1]: *** [cmTC_18d89] Error 1
make[1]: Leaving directory '/home/iclab/arc_ws/src/CMakeFiles/CMakeTmp'
Makefile:126: recipe for target 'cmTC_18d89/fast' failed
make: *** [cmTC_18d89/fast] Error 2

File /home/iclab/arc_ws/src/CMakeFiles/CMakeTmp/CheckSymbolExists.c:
/* */
#include <pthread.h>

int main(int argc, char** argv)
{
  (void)argv;
#ifndef pthread_create
  return ((int*)(&pthread_create))[argc];
#else
  (void)argc;
  return 0;
#endif
}

Determining if the function pthread_create exists in the pthreads failed with the following output:
Change Dir: /home/iclab/arc_ws/src/CMakeFiles/CMakeTmp

Run Build Command:"/usr/bin/make" "cmTC_98bff/fast"
/usr/bin/make -f CMakeFiles/cmTC_98bff.dir/build.make CMakeFiles/cmTC_98bff.dir/build
make[1]: Entering directory '/home/iclab/arc_ws/src/CMakeFiles/CMakeTmp'
Building C object CMakeFiles/cmTC_98bff.dir/CheckFunctionExists.c.o
/usr/bin/cc    -DCHECK_FUNCTION_EXISTS=pthread_create   -o CMakeFiles/cmTC_98bff.dir/CheckFunctionExists.c.o   -c /usr/share/cmake-3.5/Modules/CheckFunctionExists.c
Linking C executable cmTC_98bff
/usr/bin/cmake -E cmake_link_script CMakeFiles/cmTC_98bff.dir/link.txt --verbose=1
/usr/bin/cc   -DCHECK_FUNCTION_EXISTS=pthread_create    CMakeFiles/cmTC_98bff.dir/CheckFunctionExists.c.o  -o cmTC_98bff -rdynamic -lpthreads 
/usr/bin/ld: cannot find -lpthreads
collect2: error: ld returned 1 exit status
CMakeFiles/cmTC_98bff.dir/build.make:97: recipe for target 'cmTC_98bff' failed
make[1]: *** [cmTC_98bff] Error 1
make[1]: Leaving directory '/home/iclab/arc_ws/src/CMakeFiles/CMakeTmp'
Makefile:126: recipe for target 'cmTC_98bff/fast' failed
make: *** [cmTC_98bff/fast] Error 2


